GET / 302 70 - 31.056 ms
GET /article/list 500 4142 - 186.581 ms
GET /public/lib/bootstrap/dist/css/bootstrap.css 200 1825 - 10.213 ms
GET /public/lib/jquery/dist/jquery.min.js 200 1825 - 12.424 ms
GET /public/lib/bootstrap/dist/js/bootstrap.min.js 200 1825 - 19.804 ms
GET /article/list?keyword=1 500 4142 - 28.506 ms
GET /public/lib/bootstrap/dist/css/bootstrap.css 304 - - 19.199 ms
GET /public/lib/jquery/dist/jquery.min.js 304 - - 20.055 ms
GET /public/lib/bootstrap/dist/js/bootstrap.min.js 304 - - 22.979 ms
GET /user/reg 200 2681 - 14.953 ms
GET /public/lib/bootstrap/dist/css/bootstrap.css 304 - - 13.528 ms
GET /public/lib/jquery/dist/jquery.min.js 304 - - 19.128 ms
GET /public/lib/bootstrap/dist/js/bootstrap.min.js 304 - - 21.071 ms
POST /user/reg 302 46 - 526.404 ms
GET / 302 70 - 4.374 ms
GET /article/list 500 4152 - 18.607 ms
GET /public/lib/bootstrap/dist/css/bootstrap.css 200 1835 - 10.171 ms
GET /public/lib/bootstrap/dist/js/bootstrap.min.js 200 1835 - 16.439 ms
GET /public/lib/jquery/dist/jquery.min.js 200 1835 - 13.458 ms
GET /article/add 200 2316 - 53.769 ms
GET /public/lib/bootstrap/dist/css/bootstrap.css 304 - - 10.913 ms
GET /public/lib/jquery/dist/jquery.min.js 304 - - 10.664 ms
GET /public/lib/bootstrap/dist/js/bootstrap.min.js 304 - - 15.290 ms
POST /article/add 302 46 - 573.491 ms
GET / 302 70 - 3.782 ms
GET /article/list 500 4152 - 27.523 ms
GET /public/lib/bootstrap/dist/css/bootstrap.css 304 - - 13.950 ms
GET /public/lib/jquery/dist/jquery.min.js 304 - - 13.006 ms
GET /public/lib/bootstrap/dist/js/bootstrap.min.js 304 - - 10.490 ms
GET / 302 70 - 6.350 ms
GET /article/list 500 4152 - 20.121 ms
GET /public/lib/bootstrap/dist/css/bootstrap.css 304 - - 19.824 ms
GET /public/lib/jquery/dist/jquery.min.js 304 - - 23.920 ms
GET /public/lib/bootstrap/dist/js/bootstrap.min.js 304 - - 27.239 ms
GET / 302 70 - 4.437 ms
GET /article/list 500 4152 - 22.530 ms
GET /public/lib/bootstrap/dist/css/bootstrap.css 304 - - 9.356 ms
GET /public/lib/bootstrap/dist/js/bootstrap.min.js 304 - - 14.131 ms
GET /public/lib/jquery/dist/jquery.min.js 304 - - 13.178 ms
GET / 302 70 - 7.178 ms
GET /article/list 500 4152 - 17.502 ms
GET /public/lib/bootstrap/dist/css/bootstrap.css 304 - - 6.415 ms
GET /public/lib/jquery/dist/jquery.min.js 304 - - 9.181 ms
GET /public/lib/bootstrap/dist/js/bootstrap.min.js 304 - - 14.806 ms
GET /article/list 500 4152 - 21.623 ms
GET /public/lib/bootstrap/dist/css/bootstrap.css 304 - - 9.292 ms
GET /public/lib/jquery/dist/jquery.min.js 304 - - 12.312 ms
GET /public/lib/bootstrap/dist/js/bootstrap.min.js 304 - - 17.668 ms
GET /article/list 500 4152 - 20.978 ms
GET /public/lib/bootstrap/dist/css/bootstrap.css 304 - - 11.534 ms
GET /public/lib/jquery/dist/jquery.min.js 304 - - 11.978 ms
GET /public/lib/bootstrap/dist/js/bootstrap.min.js 304 - - 14.119 ms
GET /user/logout 302 66 - 3.959 ms
GET /user/login 200 2289 - 5.124 ms
GET /public/lib/bootstrap/dist/css/bootstrap.css 200 1825 - 11.240 ms
GET /public/lib/jquery/dist/jquery.min.js 200 1825 - 18.791 ms
GET /public/lib/bootstrap/dist/js/bootstrap.min.js 200 1825 - 18.893 ms
GET / 302 70 - 5.334 ms
GET /article/list 500 4142 - 18.166 ms
GET /public/lib/bootstrap/dist/css/bootstrap.css 304 - - 9.006 ms
GET /public/lib/jquery/dist/jquery.min.js 304 - - 8.785 ms
GET /public/lib/bootstrap/dist/js/bootstrap.min.js 304 - - 12.943 ms
GET / 302 70 - 8.539 ms
GET /article/list 500 4142 - 21.197 ms
GET /public/lib/bootstrap/dist/css/bootstrap.css 304 - - 12.996 ms
GET /public/lib/jquery/dist/jquery.min.js 304 - - 14.519 ms
GET /public/lib/bootstrap/dist/js/bootstrap.min.js 304 - - 18.478 ms
GET / 302 70 - 7.086 ms
GET /article/list 500 4142 - 18.162 ms
GET /public/lib/bootstrap/dist/css/bootstrap.css 304 - - 5.101 ms
GET /public/lib/jquery/dist/jquery.min.js 304 - - 6.042 ms
GET /public/lib/bootstrap/dist/js/bootstrap.min.js 304 - - 7.888 ms
GET /article/list 200 2803 - 139.942 ms
GET /public/lib/bootstrap/dist/css/bootstrap.css 304 - - 16.214 ms
GET /public/lib/jquery/dist/jquery.min.js 304 - - 17.231 ms
GET /public/lib/bootstrap/dist/js/bootstrap.min.js 304 - - 23.213 ms
GET /user/reg 200 2681 - 29.359 ms
GET /public/lib/bootstrap/dist/css/bootstrap.css 304 - - 17.749 ms
GET /public/lib/bootstrap/dist/js/bootstrap.min.js 304 - - 14.129 ms
GET /public/lib/jquery/dist/jquery.min.js 304 - - 18.510 ms
POST /user/reg 302 46 - 100.623 ms
GET / 302 70 - 4.931 ms
GET /article/list 200 2813 - 23.487 ms
GET /public/lib/bootstrap/dist/css/bootstrap.css 200 1835 - 10.518 ms
GET /public/lib/jquery/dist/jquery.min.js 200 1835 - 11.454 ms
GET /public/lib/bootstrap/dist/js/bootstrap.min.js 200 1835 - 16.465 ms
GET /article/list 304 - - 33.470 ms
GET /public/lib/bootstrap/dist/css/bootstrap.css 304 - - 8.119 ms
GET /public/lib/jquery/dist/jquery.min.js 304 - - 8.432 ms
GET /public/lib/bootstrap/dist/js/bootstrap.min.js 304 - - 11.116 ms
GET /article/list 304 - - 22.410 ms
GET /public/lib/bootstrap/dist/css/bootstrap.css 304 - - 10.891 ms
GET /public/lib/jquery/dist/jquery.min.js 304 - - 10.803 ms
GET /public/lib/bootstrap/dist/js/bootstrap.min.js 304 - - 14.267 ms
GET /article/list?pageNum=1&pageSize=2 200 2813 - 24.194 ms
GET /public/lib/bootstrap/dist/css/bootstrap.css 304 - - 10.566 ms
GET /public/lib/jquery/dist/jquery.min.js 304 - - 10.217 ms
GET /public/lib/bootstrap/dist/js/bootstrap.min.js 304 - - 17.317 ms
GET /article/list?pageNum=1&pageSize=5 200 2813 - 28.561 ms
GET /public/lib/bootstrap/dist/css/bootstrap.css 304 - - 11.180 ms
GET /public/lib/jquery/dist/jquery.min.js 304 - - 11.819 ms
GET /public/lib/bootstrap/dist/js/bootstrap.min.js 304 - - 15.470 ms
GET /article/list?pageNum=1&pageSize=10 200 2813 - 19.629 ms
GET /public/lib/bootstrap/dist/css/bootstrap.css 304 - - 16.056 ms
GET /public/lib/jquery/dist/jquery.min.js 304 - - 12.585 ms
GET /public/lib/bootstrap/dist/js/bootstrap.min.js 304 - - 17.477 ms
GET /article/add 200 2316 - 11.302 ms
GET /public/lib/jquery/dist/jquery.min.js 304 - - 11.521 ms
GET /public/lib/bootstrap/dist/css/bootstrap.css 304 - - 12.598 ms
GET /public/lib/bootstrap/dist/js/bootstrap.min.js 304 - - 11.165 ms
POST /article/add 302 46 - 22.563 ms
GET / 302 70 - 4.326 ms
GET /article/list 200 3324 - 8.912 ms
GET /public/lib/bootstrap/dist/css/bootstrap.css 304 - - 11.196 ms
GET /public/lib/bootstrap/dist/js/bootstrap.min.js 304 - - 10.538 ms
GET /public/lib/jquery/dist/jquery.min.js 304 - - 15.742 ms
GET /article/detail/5785100c4b3de3380d8b9bfc 200 2206 - 31.513 ms
GET /public/lib/bootstrap/dist/css/bootstrap.css 200 1917 - 9.314 ms
GET /public/lib/jquery/dist/jquery.min.js 200 1917 - 10.754 ms
GET /public/lib/bootstrap/dist/js/bootstrap.min.js 200 1917 - 18.216 ms
GET / 302 70 - 4.877 ms
GET /article/list 200 3324 - 26.534 ms
GET /public/lib/jquery/dist/jquery.min.js 200 1835 - 9.894 ms
GET /public/lib/bootstrap/dist/css/bootstrap.css 200 1835 - 8.320 ms
GET /public/lib/bootstrap/dist/js/bootstrap.min.js 200 1835 - 13.957 ms
GET /article/detail/578512e589fd745c16093445 200 2215 - 17.084 ms
GET /public/lib/bootstrap/dist/css/bootstrap.css 200 1917 - 7.801 ms
GET /public/lib/jquery/dist/jquery.min.js 200 1917 - 9.369 ms
GET /public/lib/bootstrap/dist/js/bootstrap.min.js 200 1917 - 12.431 ms
GET /article/update/578512e589fd745c16093445 200 2405 - 15.809 ms
GET /public/lib/bootstrap/dist/css/bootstrap.css 200 1835 - 11.591 ms
GET /public/lib/jquery/dist/jquery.min.js 200 1835 - 15.171 ms
GET /public/lib/bootstrap/dist/js/bootstrap.min.js 200 1835 - 17.077 ms
POST /article/add 302 124 - 8.899 ms
GET /article/detail/578512e589fd745c16093445 200 2302 - 10.034 ms
GET /public/lib/bootstrap/dist/css/bootstrap.css 200 1917 - 9.560 ms
GET /public/lib/jquery/dist/jquery.min.js 200 1917 - 15.494 ms
GET /public/lib/bootstrap/dist/js/bootstrap.min.js 200 1917 - 21.924 ms
GET /article/list?keyword=2 200 2834 - 24.821 ms
GET /public/lib/jquery/dist/jquery.min.js 200 1835 - 10.408 ms
GET /public/lib/bootstrap/dist/css/bootstrap.css 200 1835 - 15.471 ms
GET /public/lib/bootstrap/dist/js/bootstrap.min.js 200 1835 - 12.295 ms
GET /article/list?pageNum=1&pageSize=2 200 3335 - 27.253 ms
GET /public/lib/bootstrap/dist/css/bootstrap.css 304 - - 6.572 ms
GET /public/lib/jquery/dist/jquery.min.js 304 - - 7.023 ms
GET /public/lib/bootstrap/dist/js/bootstrap.min.js 304 - - 10.599 ms
GET /article/list?pageNum=1&pageSize=2 304 - - 22.421 ms
GET /public/lib/bootstrap/dist/css/bootstrap.css 304 - - 7.868 ms
GET /public/lib/jquery/dist/jquery.min.js 304 - - 9.484 ms
GET /public/lib/bootstrap/dist/js/bootstrap.min.js 304 - - 15.448 ms
GET /article/list?pageNum=1&pageSize=2 304 - - 14.461 ms
GET /public/lib/bootstrap/dist/css/bootstrap.css 304 - - 5.544 ms
GET /public/lib/jquery/dist/jquery.min.js 304 - - 5.840 ms
GET /public/lib/bootstrap/dist/js/bootstrap.min.js 304 - - 8.412 ms
GET /article/list?keyword=1 200 2814 - 30.598 ms
GET /public/lib/bootstrap/dist/css/bootstrap.css 304 - - 7.928 ms
GET /public/lib/jquery/dist/jquery.min.js 304 - - 8.137 ms
GET /public/lib/bootstrap/dist/js/bootstrap.min.js 304 - - 9.738 ms
GET / 302 70 - 5.835 ms
GET /article/list 200 3335 - 14.269 ms
GET /public/lib/bootstrap/dist/css/bootstrap.css 304 - - 8.630 ms
GET /public/lib/jquery/dist/jquery.min.js 304 - - 9.673 ms
GET /public/lib/bootstrap/dist/js/bootstrap.min.js 304 - - 8.627 ms
GET / 302 70 - 5.915 ms
GET /article/list 304 - - 14.230 ms
GET /public/lib/bootstrap/dist/css/bootstrap.css 304 - - 7.660 ms
GET /public/lib/jquery/dist/jquery.min.js 304 - - 7.564 ms
GET /public/lib/bootstrap/dist/js/bootstrap.min.js 304 - - 9.518 ms
GET /article/add 200 2316 - 10.424 ms
GET /public/lib/bootstrap/dist/css/bootstrap.css 304 - - 8.341 ms
GET /public/lib/jquery/dist/jquery.min.js 304 - - 8.043 ms
GET /public/lib/bootstrap/dist/js/bootstrap.min.js 304 - - 8.704 ms
POST /article/add 302 46 - 7.282 ms
GET / 302 70 - 3.272 ms
GET /article/list 200 3648 - 8.666 ms
GET /public/lib/bootstrap/dist/css/bootstrap.css 304 - - 7.559 ms
GET /public/lib/jquery/dist/jquery.min.js 304 - - 7.891 ms
GET /public/lib/bootstrap/dist/js/bootstrap.min.js 304 - - 11.375 ms
GET /article/list?pageNum=2&pageSize=2 200 3137 - 9.418 ms
GET /public/lib/bootstrap/dist/css/bootstrap.css 304 - - 10.719 ms
GET /public/lib/jquery/dist/jquery.min.js 304 - - 8.110 ms
GET /public/lib/bootstrap/dist/js/bootstrap.min.js 304 - - 9.242 ms
GET /article/list?pageNum=1&pageSize=2 200 3648 - 20.146 ms
GET /public/lib/bootstrap/dist/css/bootstrap.css 304 - - 7.219 ms
GET /public/lib/jquery/dist/jquery.min.js 304 - - 8.818 ms
GET /public/lib/bootstrap/dist/js/bootstrap.min.js 304 - - 10.995 ms
GET /article/list?pageNum=1&pageSize=2 200 3740 - 20.210 ms
GET /public/lib/bootstrap/dist/css/bootstrap.css 200 1927 - 8.981 ms
GET /public/lib/jquery/dist/jquery.min.js 200 1927 - 11.133 ms
GET /public/lib/bootstrap/dist/js/bootstrap.min.js 200 1927 - 12.256 ms
GET /article/list?pageNum=2&pageSize=2 200 3229 - 26.787 ms
GET /public/lib/bootstrap/dist/css/bootstrap.css 304 - - 7.523 ms
GET /public/lib/jquery/dist/jquery.min.js 304 - - 10.752 ms
GET /public/lib/bootstrap/dist/js/bootstrap.min.js 304 - - 11.548 ms
GET /article/list?pageNum=1&pageSize=2 304 - - 19.931 ms
GET /public/lib/bootstrap/dist/css/bootstrap.css 304 - - 13.921 ms
GET /public/lib/jquery/dist/jquery.min.js 304 - - 12.052 ms
GET /public/lib/bootstrap/dist/js/bootstrap.min.js 304 - - 9.960 ms
GET /article/list?pageNum=2&pageSize=2 304 - - 18.846 ms
GET /public/lib/bootstrap/dist/css/bootstrap.css 304 - - 25.010 ms
GET /public/lib/bootstrap/dist/js/bootstrap.min.js 304 - - 21.457 ms
GET /public/lib/jquery/dist/jquery.min.js 304 - - 26.464 ms
GET /article/list?pageNum=1&pageSize=2 304 - - 21.134 ms
GET /public/lib/jquery/dist/jquery.min.js 304 - - 21.931 ms
GET /public/lib/bootstrap/dist/css/bootstrap.css 304 - - 18.511 ms
GET /public/lib/bootstrap/dist/js/bootstrap.min.js 304 - - 24.333 ms
GET /article/list?keyword=2 200 2926 - 14.062 ms
GET /public/lib/bootstrap/dist/css/bootstrap.css 304 - - 11.421 ms
GET /public/lib/jquery/dist/jquery.min.js 304 - - 14.000 ms
GET /public/lib/bootstrap/dist/js/bootstrap.min.js 304 - - 17.456 ms
GET /article/list?pageNum=1&pageSize=2 304 - - 25.550 ms
GET /public/lib/bootstrap/dist/css/bootstrap.css 304 - - 8.841 ms
GET /public/lib/jquery/dist/jquery.min.js 304 - - 11.230 ms
GET /public/lib/bootstrap/dist/js/bootstrap.min.js 304 - - 27.685 ms
GET /article/list?pageNum=1&pageSize=5 200 3740 - 20.233 ms
GET /public/lib/bootstrap/dist/css/bootstrap.css 304 - - 7.974 ms
GET /public/lib/jquery/dist/jquery.min.js 304 - - 9.344 ms
GET /public/lib/bootstrap/dist/js/bootstrap.min.js 304 - - 13.868 ms
GET /article/list?pageNum=1&pageSize=10 200 3740 - 21.018 ms
GET /public/lib/bootstrap/dist/css/bootstrap.css 304 - - 5.491 ms
GET /public/lib/jquery/dist/jquery.min.js 304 - - 5.768 ms
GET /public/lib/bootstrap/dist/js/bootstrap.min.js 304 - - 7.985 ms
GET /article/list?pageNum=1&pageSize=10 304 - - 19.348 ms
GET /public/lib/bootstrap/dist/css/bootstrap.css 304 - - 11.702 ms
GET /public/lib/jquery/dist/jquery.min.js 304 - - 12.979 ms
GET /public/lib/bootstrap/dist/js/bootstrap.min.js 304 - - 16.041 ms
GET /article/list?pageNum=1&pageSize=5 304 - - 15.572 ms
GET /public/lib/bootstrap/dist/css/bootstrap.css 304 - - 5.317 ms
GET /public/lib/jquery/dist/jquery.min.js 304 - - 7.226 ms
GET /public/lib/bootstrap/dist/js/bootstrap.min.js 304 - - 7.896 ms
GET /article/list?pageNum=1&pageSize=2 304 - - 19.829 ms
GET /public/lib/bootstrap/dist/css/bootstrap.css 304 - - 4.998 ms
GET /public/lib/jquery/dist/jquery.min.js 304 - - 4.594 ms
GET /public/lib/bootstrap/dist/js/bootstrap.min.js 304 - - 6.101 ms
GET /article/add 200 2408 - 9.363 ms
GET /public/lib/bootstrap/dist/css/bootstrap.css 304 - - 8.696 ms
GET /public/lib/bootstrap/dist/js/bootstrap.min.js 304 - - 11.206 ms
GET /public/lib/jquery/dist/jquery.min.js 304 - - 9.566 ms
POST /article/add 302 46 - 11.757 ms
GET / 302 70 - 7.336 ms
GET /article/list 200 3740 - 15.298 ms
GET /public/lib/jquery/dist/jquery.min.js 304 - - 6.605 ms
GET /public/lib/bootstrap/dist/css/bootstrap.css 304 - - 6.682 ms
GET /public/lib/bootstrap/dist/js/bootstrap.min.js 304 - - 8.948 ms
GET /article/list?pageNum=2&pageSize=2 200 3751 - 19.466 ms
GET /public/lib/bootstrap/dist/css/bootstrap.css 304 - - 55.412 ms
GET /public/lib/bootstrap/dist/js/bootstrap.min.js 304 - - 50.718 ms
GET /public/lib/jquery/dist/jquery.min.js 304 - - 53.135 ms
GET /article/detail/57850b6589fd745c16093447 200 2318 - 19.744 ms
GET /public/lib/bootstrap/dist/css/bootstrap.css 200 2009 - 9.104 ms
GET /public/lib/bootstrap/dist/js/bootstrap.min.js 304 - - 4.380 ms
GET /public/lib/jquery/dist/jquery.min.js 304 - - 12.144 ms
GET /article/add 200 2408 - 46.635 ms
GET /public/lib/bootstrap/dist/css/bootstrap.css 200 1927 - 17.651 ms
GET /public/lib/jquery/dist/jquery.min.js 304 - - 19.670 ms
GET /public/lib/bootstrap/dist/js/bootstrap.min.js 304 - - 25.804 ms
POST /article/add 302 46 - 88.512 ms
GET / 302 70 - 5.428 ms
GET /article/list 200 3838 - 42.513 ms
GET /public/lib/bootstrap/dist/css/bootstrap.css 304 - - 14.301 ms
GET /public/lib/jquery/dist/jquery.min.js 304 - - 14.060 ms
GET /public/lib/bootstrap/dist/js/bootstrap.min.js 304 - - 17.974 ms
GET /article/add 200 2408 - 17.679 ms
GET /public/lib/bootstrap/dist/css/bootstrap.css 304 - - 15.379 ms
GET /public/lib/jquery/dist/jquery.min.js 304 - - 13.531 ms
GET /public/lib/bootstrap/dist/js/bootstrap.min.js 304 - - 12.858 ms
POST /article/add 302 46 - 26.468 ms
GET / 302 70 - 6.162 ms
GET /article/list 304 - - 36.960 ms
GET /public/lib/bootstrap/dist/css/bootstrap.css 304 - - 12.490 ms
GET /public/lib/jquery/dist/jquery.min.js 304 - - 12.793 ms
GET /public/lib/bootstrap/dist/js/bootstrap.min.js 304 - - 17.801 ms
GET /article/list?keyword=%E4%BD%A0 200 2951 - 16.320 ms
GET /public/lib/bootstrap/dist/css/bootstrap.css 304 - - 14.027 ms
GET /public/lib/jquery/dist/jquery.min.js 304 - - 13.477 ms
GET /public/lib/bootstrap/dist/js/bootstrap.min.js 304 - - 15.996 ms
GET /article/list?pageNum=1&pageSize=10 200 3838 - 38.589 ms
GET /public/lib/bootstrap/dist/css/bootstrap.css 304 - - 11.570 ms
GET /public/lib/jquery/dist/jquery.min.js 304 - - 22.132 ms
GET /public/lib/bootstrap/dist/js/bootstrap.min.js 304 - - 22.870 ms
GET /article/list?pageNum=1&pageSize=5 200 3838 - 29.444 ms
GET /public/lib/bootstrap/dist/css/bootstrap.css 304 - - 10.510 ms
GET /public/lib/jquery/dist/jquery.min.js 304 - - 12.641 ms
GET /public/lib/bootstrap/dist/js/bootstrap.min.js 304 - - 16.348 ms
GET /article/list?pageNum=1&pageSize=2 200 3838 - 20.182 ms
GET /public/lib/bootstrap/dist/css/bootstrap.css 304 - - 8.421 ms
GET /public/lib/jquery/dist/jquery.min.js 304 - - 6.482 ms
GET /public/lib/bootstrap/dist/js/bootstrap.min.js 304 - - 12.672 ms
GET /article/list?pageNum=1&pageSize=10 304 - - 19.986 ms
GET /public/lib/bootstrap/dist/css/bootstrap.css 304 - - 6.711 ms
GET /public/lib/jquery/dist/jquery.min.js 304 - - 10.843 ms
GET /public/lib/bootstrap/dist/js/bootstrap.min.js 304 - - 11.790 ms
GET / 302 70 - 6.525 ms
GET /article/list 304 - - 15.171 ms
GET /public/lib/bootstrap/dist/css/bootstrap.css 304 - - 15.434 ms
GET /public/lib/jquery/dist/jquery.min.js 304 - - 20.989 ms
GET /public/lib/bootstrap/dist/js/bootstrap.min.js 304 - - 26.518 ms
GET / 302 70 - 10.596 ms
GET /article/list 304 - - 20.687 ms
GET /public/lib/bootstrap/dist/css/bootstrap.css 304 - - 9.984 ms
GET /public/lib/jquery/dist/jquery.min.js 304 - - 12.229 ms
GET /public/lib/bootstrap/dist/js/bootstrap.min.js 304 - - 17.204 ms
GET /article/list?pageNum=1&pageSize=2 304 - - 20.768 ms
GET /public/lib/bootstrap/dist/css/bootstrap.css 304 - - 7.793 ms
GET /public/lib/bootstrap/dist/js/bootstrap.min.js 304 - - 9.047 ms
GET /public/lib/jquery/dist/jquery.min.js 304 - - 11.045 ms
GET /article/list?pageNum=1&pageSize=2 304 - - 19.460 ms
GET /public/lib/bootstrap/dist/css/bootstrap.css 304 - - 8.170 ms
GET /public/lib/jquery/dist/jquery.min.js 304 - - 9.688 ms
GET /public/lib/bootstrap/dist/js/bootstrap.min.js 304 - - 11.912 ms
GET /article/list?pageNum=1&pageSize=2 304 - - 20.294 ms
GET /public/lib/bootstrap/dist/css/bootstrap.css 304 - - 12.794 ms
GET /public/lib/jquery/dist/jquery.min.js 304 - - 7.718 ms
GET /public/lib/bootstrap/dist/js/bootstrap.min.js 304 - - 9.030 ms
GET /article/list 304 - - 18.715 ms
GET /public/lib/bootstrap/dist/css/bootstrap.css 304 - - 13.818 ms
GET /public/lib/jquery/dist/jquery.min.js 304 - - 17.187 ms
GET /public/lib/bootstrap/dist/js/bootstrap.min.js 304 - - 20.913 ms
GET / 302 70 - 5.445 ms
GET / 302 70 - 5.198 ms
GET /article/list 304 - - 18.799 ms
GET /public/lib/bootstrap/dist/css/bootstrap.css 304 - - 7.520 ms
GET /public/lib/bootstrap/dist/js/bootstrap.min.js 304 - - 7.705 ms
GET /public/lib/jquery/dist/jquery.min.js 304 - - 13.004 ms
GET / 302 70 - 2.812 ms
GET / 302 70 - 4.880 ms
GET /article/list 304 - - 13.376 ms
GET /public/lib/bootstrap/dist/css/bootstrap.css 304 - - 7.721 ms
GET /public/lib/jquery/dist/jquery.min.js 304 - - 7.925 ms
GET /public/lib/bootstrap/dist/js/bootstrap.min.js 304 - - 9.668 ms
GET / 302 70 - 4.552 ms
GET /article/list 304 - - 14.084 ms
GET /public/lib/bootstrap/dist/css/bootstrap.css 304 - - 9.415 ms
GET /public/lib/bootstrap/dist/js/bootstrap.min.js 304 - - 10.218 ms
GET /public/lib/jquery/dist/jquery.min.js 304 - - 10.240 ms
GET /user/logout 302 66 - 3.660 ms
GET /user/login 200 2381 - 9.672 ms
GET /public/lib/bootstrap/dist/css/bootstrap.css 200 1917 - 6.449 ms
GET /public/lib/jquery/dist/jquery.min.js 200 1917 - 8.580 ms
GET /public/lib/bootstrap/dist/js/bootstrap.min.js 200 1917 - 10.929 ms
GET / 302 70 - 4.124 ms
GET /article/list 200 3828 - 19.207 ms
GET /public/lib/jquery/dist/jquery.min.js 304 - - 10.560 ms
GET /public/lib/bootstrap/dist/css/bootstrap.css 304 - - 8.660 ms
GET /public/lib/bootstrap/dist/js/bootstrap.min.js 304 - - 12.451 ms
GET /article/list?pageNum=1&pageSize=10 200 3828 - 21.463 ms
GET /public/lib/bootstrap/dist/css/bootstrap.css 304 - - 10.132 ms
GET /public/lib/jquery/dist/jquery.min.js 304 - - 11.038 ms
GET /public/lib/bootstrap/dist/js/bootstrap.min.js 304 - - 12.520 ms
GET /article/list?pageNum=1&pageSize=5 200 3828 - 17.982 ms
GET /public/lib/bootstrap/dist/css/bootstrap.css 304 - - 10.884 ms
GET /public/lib/jquery/dist/jquery.min.js 304 - - 10.580 ms
GET /public/lib/bootstrap/dist/js/bootstrap.min.js 304 - - 10.585 ms
GET /article/list?pageNum=1&pageSize=2 200 3828 - 23.529 ms
GET /public/lib/jquery/dist/jquery.min.js 304 - - 8.030 ms
GET /public/lib/bootstrap/dist/css/bootstrap.css 304 - - 7.507 ms
GET /public/lib/bootstrap/dist/js/bootstrap.min.js 304 - - 9.266 ms
GET /article/list?pageNum=1&pageSize=5 304 - - 24.571 ms
GET /public/lib/bootstrap/dist/css/bootstrap.css 304 - - 8.842 ms
GET /public/lib/bootstrap/dist/js/bootstrap.min.js 304 - - 10.726 ms
GET /public/lib/jquery/dist/jquery.min.js 304 - - 13.924 ms
GET /article/list?pageNum=1&pageSize=10 304 - - 18.946 ms
GET /public/lib/bootstrap/dist/css/bootstrap.css 304 - - 6.349 ms
GET /public/lib/jquery/dist/jquery.min.js 304 - - 9.312 ms
GET /public/lib/bootstrap/dist/js/bootstrap.min.js 304 - - 10.368 ms
GET /public/lib/bootstrap/dist/css/bootstrap.css 304 - - 7.281 ms
GET /article/detail/5785100c4b3de3380d8b9bfc 200 2288 - 43.932 ms
GET /public/lib/bootstrap/dist/css/bootstrap.css 200 1999 - 23.069 ms
GET /public/lib/jquery/dist/jquery.min.js 304 - - 9.618 ms
GET /public/lib/bootstrap/dist/js/bootstrap.min.js 304 - - 12.798 ms
GET /article/detail/5785100c4b3de3380d8b9bfc 200 2295 - 8.290 ms
GET /public/lib/bootstrap/dist/js/bootstrap.min.js 200 2006 - 7.876 ms
GET /public/lib/jquery/dist/jquery.min.js 200 2006 - 6.768 ms
GET /article/detail/5785100c4b3de3380d8b9bfc 304 - - 11.283 ms
GET /public/lib/jquery/dist/jquery.min.js 304 - - 6.231 ms
GET /public/lib/bootstrap/dist/js/bootstrap.min.js 304 - - 7.234 ms
GET /article/detail/5785100c4b3de3380d8b9bfc 200 2357 - 16.359 ms
GET /article/update/5785100c4b3de3380d8b9bfc 200 2629 - 10.388 ms
POST /article/add 302 124 - 19.662 ms
GET /article/detail/5785100c4b3de3380d8b9bfc 200 2443 - 8.932 ms
GET /user/reg 200 2924 - 6.501 ms
POST /user/reg 302 46 - 38.916 ms
GET / 302 70 - 4.270 ms
GET /article/list 200 3917 - 28.466 ms
GET /article/list?pageNum=1&pageSize=10 200 3917 - 20.323 ms
GET /article/list?pageNum=1&pageSize=5 200 3917 - 21.186 ms
GET /article/list?pageNum=1&pageSize=2 200 3917 - 17.852 ms
GET /article/add 200 2477 - 16.257 ms
POST /article/add 302 46 - 6.899 ms
GET / 302 70 - 3.770 ms
GET /article/list 200 4015 - 15.414 ms
GET /article/list?pageNum=2&pageSize=2 200 4231 - 19.150 ms
GET /article/list?pageNum=3&pageSize=2 200 4281 - 18.809 ms
GET /article/list?pageNum=4&pageSize=2 200 3506 - 15.794 ms
GET /article/list?pageNum=1&pageSize=2 200 4015 - 17.274 ms
GET /article/list?pageNum=2&pageSize=2 304 - - 17.150 ms
GET /article/list?pageNum=1&pageSize=2 304 - - 14.572 ms
GET /article/list?pageNum=2&pageSize=2 304 - - 15.543 ms
GET /article/list?pageNum=3&pageSize=2 304 - - 16.291 ms
GET /article/list?pageNum=4&pageSize=2 304 - - 16.105 ms
GET /article/list?pageNum=3&pageSize=2 304 - - 21.363 ms
GET /article/list?keyword=%E5%93%88 200 2996 - 16.288 ms
GET /article/detail/57850cf8257a7c9c17518940 200 2384 - 14.594 ms
GET /article/detai 200 2078 - 6.428 ms
GET /user/logout 302 66 - 8.177 ms
GET /user/login 200 2450 - 6.745 ms
GET / 302 70 - 5.930 ms
GET /article/list 200 4005 - 13.418 ms
GET /article/lists 200 1986 - 13.072 ms
GET / 302 70 - 8.983 ms
GET /article/list 304 - - 15.742 ms
GET /article/list?pageNum=2&pageSize=2 200 4221 - 21.251 ms
GET /article/list?pageNum=1&pageSize=10 200 4005 - 14.811 ms
GET /article/list?pageNum=1&pageSize=5 200 4005 - 14.426 ms
GET /article/list?pageNum=1&pageSize=2 200 4005 - 13.780 ms
GET /article/list?pageNum=1&pageSize=5 304 - - 14.092 ms
GET /article/list?pageNum=1&pageSize=10 304 - - 22.579 ms
GET /article/list?pageNum=1&pageSize=5 304 - - 18.473 ms
GET /article/list?pageNum=1&pageSize=10 304 - - 16.589 ms
GET /article/list?pageNum=1&pageSize=2 304 - - 13.287 ms
GET /article/list?pageNum=1&pageSize=5 304 - - 17.956 ms
GET /article/list?pageNum=1&pageSize=5 304 - - 17.171 ms
GET /article/list?pageNum=1&pageSize=5 304 - - 14.725 ms
GET /article/list?pageNum=1&pageSize=5 304 - - 14.818 ms
GET /article/list?pageNum=1&pageSize=5 304 - - 21.817 ms
GET /article/list?pageNum=1&pageSize=10 304 - - 15.887 ms
GET /article/list?pageNum=1&pageSize=5 304 - - 16.631 ms
GET /article/list?pageNum=1&pageSize=5 304 - - 14.964 ms
GET /article/list?pageNum=1&pageSize=2 304 - - 18.105 ms
GET /article/list?pageNum=1&pageSize=5 304 - - 24.407 ms
GET /article/list?pageNum=1&pageSize=5 304 - - 12.878 ms
GET /article/list?pageNum=1&pageSize=10 304 - - 10.454 ms
GET /article/list?pageNum=1&pageSize=5 304 - - 19.894 ms
GET /article/list?pageNum=1&pageSize=2 304 - - 20.287 ms
GET / 302 70 - 29.228 ms
GET /article/list 304 - - 68.869 ms
GET / 302 70 - 6.434 ms
GET /article/list 304 - - 17.954 ms
GET / 302 70 - 7.091 ms
GET /article/list 304 - - 14.613 ms
GET /article/list?pageNum=1&pageSize=5 304 - - 26.646 ms
GET /article/list?pageNum=1&pageSize=10 304 - - 24.514 ms
GET /article/list?pageNum=1&pageSize=10 304 - - 28.676 ms
GET /article/list?pageNum=1&pageSize=2 304 - - 26.098 ms
GET /article/list?pageNum=1&pageSize=5 304 - - 16.644 ms
GET /article/list?pageNum=1&pageSize=10 304 - - 18.972 ms
GET /article/list?pageNum=4&pageSize=2 200 3496 - 35.075 ms
GET /article/list?pageNum=3&pageSize=2 200 4271 - 27.465 ms
GET /article/list?pageNum=1&pageSize=5 304 - - 23.317 ms
GET /article/list?pageNum=1&pageSize=5 304 - - 25.129 ms
GET / 302 70 - 6.406 ms
GET /article/list 200 4005 - 18.845 ms
GET /article/list?pageNum=1&pageSize=5 200 4005 - 27.543 ms
GET /article/list?pageNum=1&pageSize=5 304 - - 24.103 ms
GET /article/list?pageNum=1&pageSize=10 200 4005 - 18.326 ms
GET /article/list?pageNum=1&pageSize=2 200 4005 - 18.688 ms
GET /article/list?keyword=1 200 3497 - 22.915 ms
GET /article/list?pageNum=1&pageSize=5 304 - - 19.031 ms
GET /article/list?pageNum=1&pageSize=10 304 - - 18.508 ms
GET /article/list?pageNum=1&pageSize=2 304 - - 26.473 ms
GET /article/list?pageNum=1&pageSize=2 304 - - 28.492 ms
GET /article/list?pageNum=1&pageSize=5 304 - - 18.686 ms
GET /article/list?pageNum=1&pageSize=5 304 - - 17.242 ms
GET /article/list?pageNum=1&pageSize=10 304 - - 22.754 ms
GET /article/list?pageNum=1&pageSize=10 304 - - 22.563 ms
GET /article/list?pageNum=1&pageSize=5 304 - - 20.524 ms
GET /article/list?pageNum=1&pageSize=2 304 - - 20.213 ms
GET /article/list?pageNum=1&pageSize=10 304 - - 22.745 ms
GET /article/list?pageNum=1&pageSize=5 304 - - 20.702 ms
GET /article/list?pageNum=1&pageSize=5 304 - - 19.595 ms
GET /article/list 304 - - 18.955 ms
GET /article/list?pageNum=1&pageSize=5 304 - - 23.757 ms
GET /article/list?pageNum=1&pageSize=10 304 - - 26.600 ms
GET /article/list?pageNum=1&pageSize=2 304 - - 20.509 ms
GET /article/detail/578512e589fd745c16093445 200 2377 - 22.909 ms
GET /article/delete/578512e589fd745c16093445 302 46 - 7.332 ms
GET / 302 70 - 4.014 ms
GET /article/list 200 3894 - 13.919 ms
GET /article/list?pageNum=1&pageSize=10 200 3894 - 27.132 ms
GET /article/list?pageNum=2&pageSize=2 200 4150 - 17.906 ms
GET /article/list?pageNum=3&pageSize=2 200 3943 - 14.610 ms
GET /article/list?pageNum=2&pageSize=2 304 - - 25.966 ms
GET /article/list?pageNum=1&pageSize=2 200 3894 - 31.101 ms
GET /article/list?pageNum=2&pageSize=2 304 - - 19.223 ms
GET / 302 70 - 41.418 ms
GET /article/list 304 - - 289.376 ms
GET /article/list 304 - - 26.044 ms
